2025-03-31 18:16:29,662 - __main__ - INFO - Fetching data for 13-1685039 from ProPublica API
2025-03-31 18:16:30,169 - __main__ - WARNING - Could not parse year from: 2022
2025-03-31 18:16:30,169 - __main__ - WARNING - Could not parse year from: 2021
2025-03-31 18:16:30,169 - __main__ - WARNING - Could not parse year from: 2020
2025-03-31 18:16:30,169 - __main__ - WARNING - Could not parse year from: 2019
2025-03-31 18:16:30,169 - __main__ - WARNING - Could not parse year from: 2018
2025-03-31 18:16:30,169 - __main__ - WARNING - Could not parse year from: 2017
2025-03-31 18:16:30,169 - __main__ - WARNING - Could not parse year from: 2016
2025-03-31 18:16:30,169 - __main__ - WARNING - Could not parse year from: 2015
2025-03-31 18:16:30,169 - __main__ - WARNING - Could not parse year from: 2014
2025-03-31 18:16:30,169 - __main__ - WARNING - Could not parse year from: 2013
2025-03-31 18:16:30,169 - __main__ - WARNING - Could not parse year from: 2012
2025-03-31 18:16:30,170 - __main__ - WARNING - Could not parse year from: 2011
2025-03-31 18:16:30,170 - __main__ - INFO - Fetching data for 53-0196605 from ProPublica API
2025-03-31 18:16:30,804 - __main__ - WARNING - Could not parse year from: 2022
2025-03-31 18:16:30,804 - __main__ - WARNING - Could not parse year from: 2021
2025-03-31 18:16:30,804 - __main__ - WARNING - Could not parse year from: 2020
2025-03-31 18:16:30,804 - __main__ - WARNING - Could not parse year from: 2019
2025-03-31 18:16:30,804 - __main__ - WARNING - Could not parse year from: 2018
2025-03-31 18:16:30,804 - __main__ - WARNING - Could not parse year from: 2017
2025-03-31 18:16:30,804 - __main__ - WARNING - Could not parse year from: 2016
2025-03-31 18:16:30,804 - __main__ - WARNING - Could not parse year from: 2015
2025-03-31 18:16:30,804 - __main__ - WARNING - Could not parse year from: 2014
2025-03-31 18:16:30,804 - __main__ - WARNING - Could not parse year from: 2013
2025-03-31 18:16:30,804 - __main__ - WARNING - Could not parse year from: 2012
2025-03-31 18:16:30,804 - __main__ - WARNING - Could not parse year from: 2011
2025-03-31 18:16:30,804 - __main__ - INFO - Fetching data for 23-1352010 from ProPublica API
2025-03-31 18:16:31,691 - __main__ - INFO - Fetching data for 13-1623885 from ProPublica API
2025-03-31 18:16:32,008 - __main__ - WARNING - Could not parse year from: 2022
2025-03-31 18:16:32,008 - __main__ - WARNING - Could not parse year from: 2021
2025-03-31 18:16:32,008 - __main__ - WARNING - Could not parse year from: 2020
2025-03-31 18:16:32,008 - __main__ - WARNING - Could not parse year from: 2019
2025-03-31 18:16:32,008 - __main__ - WARNING - Could not parse year from: 2018
2025-03-31 18:16:32,008 - __main__ - WARNING - Could not parse year from: 2017
2025-03-31 18:16:32,008 - __main__ - WARNING - Could not parse year from: 2016
2025-03-31 18:16:32,008 - __main__ - WARNING - Could not parse year from: 2015
2025-03-31 18:16:32,008 - __main__ - WARNING - Could not parse year from: 2014
2025-03-31 18:16:32,008 - __main__ - WARNING - Could not parse year from: 2013
2025-03-31 18:16:32,008 - __main__ - WARNING - Could not parse year from: 2012
2025-03-31 18:16:32,008 - __main__ - WARNING - Could not parse year from: 2011
2025-03-31 18:16:32,193 - __main__ - INFO - Fetching data for 52-0595110 from ProPublica API
2025-03-31 18:16:32,570 - __main__ - WARNING - Could not parse year from: 2022
2025-03-31 18:16:32,570 - __main__ - WARNING - Could not parse year from: 2021
2025-03-31 18:16:32,570 - __main__ - WARNING - Could not parse year from: 2020
2025-03-31 18:16:32,570 - __main__ - WARNING - Could not parse year from: 2019
2025-03-31 18:16:32,570 - __main__ - WARNING - Could not parse year from: 2018
2025-03-31 18:16:32,570 - __main__ - WARNING - Could not parse year from: 2017
2025-03-31 18:16:32,570 - __main__ - WARNING - Could not parse year from: 2016
2025-03-31 18:16:32,570 - __main__ - WARNING - Could not parse year from: 2015
2025-03-31 18:16:32,571 - __main__ - WARNING - Could not parse year from: 2014
2025-03-31 18:16:32,571 - __main__ - WARNING - Could not parse year from: 2013
2025-03-31 18:16:32,571 - __main__ - WARNING - Could not parse year from: 2012
2025-03-31 18:16:32,571 - __main__ - WARNING - Could not parse year from: 2011
2025-03-31 18:16:34,955 - __main__ - INFO - Generated chart: program_efficiency_chart.png
2025-03-31 18:16:35,292 - __main__ - INFO - Generated chart: fundraising_efficiency_chart.png
2025-03-31 18:38:28,522 - __main__ - INFO - Fetching data for 13-6213516 from ProPublica API
2025-03-31 18:38:31,274 - __main__ - INFO - Successfully parsed year: 2023
2025-03-31 18:38:31,274 - __main__ - WARNING - Cannot calculate Program Efficiency for 2023: program_expenses=None, total_expenses=186344190.0
2025-03-31 18:38:31,274 - __main__ - INFO - Successfully parsed year: 2022
2025-03-31 18:38:31,274 - __main__ - WARNING - Cannot calculate Program Efficiency for 2022: program_expenses=None, total_expenses=172665114.0
2025-03-31 18:38:31,274 - __main__ - INFO - Successfully parsed year: 2021
2025-03-31 18:38:31,274 - __main__ - WARNING - Cannot calculate Program Efficiency for 2021: program_expenses=None, total_expenses=173082558.0
2025-03-31 18:38:31,274 - __main__ - INFO - Successfully parsed year: 2020
2025-03-31 18:38:31,275 - __main__ - WARNING - Cannot calculate Program Efficiency for 2020: program_expenses=None, total_expenses=141347817.0
2025-03-31 18:38:31,275 - __main__ - INFO - Successfully parsed year: 2019
2025-03-31 18:38:31,275 - __main__ - WARNING - Cannot calculate Program Efficiency for 2019: program_expenses=None, total_expenses=140703350.0
2025-03-31 18:38:31,275 - __main__ - INFO - Successfully parsed year: 2018
2025-03-31 18:38:31,275 - __main__ - WARNING - Cannot calculate Program Efficiency for 2018: program_expenses=None, total_expenses=115464165.0
2025-03-31 18:38:31,275 - __main__ - INFO - Successfully parsed year: 2017
2025-03-31 18:38:31,275 - __main__ - WARNING - Cannot calculate Program Efficiency for 2017: program_expenses=None, total_expenses=120961465.0
2025-03-31 18:38:31,275 - __main__ - INFO - Successfully parsed year: 2016
2025-03-31 18:38:31,275 - __main__ - WARNING - Cannot calculate Program Efficiency for 2016: program_expenses=None, total_expenses=84257642.0
2025-03-31 18:38:31,275 - __main__ - INFO - Successfully parsed year: 2015
2025-03-31 18:38:31,275 - __main__ - WARNING - Cannot calculate Program Efficiency for 2015: program_expenses=None, total_expenses=85678343.0
2025-03-31 18:38:31,275 - __main__ - INFO - Successfully parsed year: 2014
2025-03-31 18:38:31,275 - __main__ - WARNING - Cannot calculate Program Efficiency for 2014: program_expenses=None, total_expenses=89345364.0
2025-03-31 18:38:31,275 - __main__ - INFO - Successfully parsed year: 2013
2025-03-31 18:38:31,276 - __main__ - WARNING - Cannot calculate Program Efficiency for 2013: program_expenses=None, total_expenses=74213958.0
2025-03-31 18:38:31,276 - __main__ - INFO - Successfully parsed year: 2012
2025-03-31 18:38:31,276 - __main__ - WARNING - Cannot calculate Program Efficiency for 2012: program_expenses=None, total_expenses=71535506.0
2025-03-31 18:38:31,276 - __main__ - INFO - Successfully extracted metrics for American Civil Liberties Union Foundation Inc for years: [2012, 2013, 2014, 2015, 2016, 2017, 2018, 2019, 2020, 2021, 2022, 2023]
2025-03-31 18:38:31,276 - __main__ - INFO - Fetching data for 53-0196605 from ProPublica API
2025-03-31 18:38:32,293 - __main__ - INFO - Successfully parsed year: 2022
2025-03-31 18:38:32,293 - __main__ - WARNING - Cannot calculate Program Efficiency for 2022: program_expenses=None, total_expenses=3048182336.0
2025-03-31 18:38:32,293 - __main__ - INFO - Successfully parsed year: 2021
2025-03-31 18:38:32,293 - __main__ - WARNING - Cannot calculate Program Efficiency for 2021: program_expenses=None, total_expenses=2796025309.0
2025-03-31 18:38:32,294 - __main__ - INFO - Successfully parsed year: 2020
2025-03-31 18:38:32,294 - __main__ - WARNING - Cannot calculate Program Efficiency for 2020: program_expenses=None, total_expenses=2683608516.0
2025-03-31 18:38:32,294 - __main__ - INFO - Successfully parsed year: 2019
2025-03-31 18:38:32,294 - __main__ - WARNING - Cannot calculate Program Efficiency for 2019: program_expenses=None, total_expenses=2937181875.0
2025-03-31 18:38:32,294 - __main__ - INFO - Successfully parsed year: 2018
2025-03-31 18:38:32,294 - __main__ - WARNING - Cannot calculate Program Efficiency for 2018: program_expenses=None, total_expenses=3142984060.0
2025-03-31 18:38:32,294 - __main__ - INFO - Successfully parsed year: 2017
2025-03-31 18:38:32,294 - __main__ - WARNING - Cannot calculate Program Efficiency for 2017: program_expenses=None, total_expenses=2808630913.0
2025-03-31 18:38:32,294 - __main__ - WARNING - Cannot calculate Fundraising Efficiency for 2017: contributions=700040441.0, fundraising_expenses=0.0
2025-03-31 18:38:32,294 - __main__ - INFO - Successfully parsed year: 2016
2025-03-31 18:38:32,294 - __main__ - WARNING - Cannot calculate Program Efficiency for 2016: program_expenses=None, total_expenses=2679603949.0
2025-03-31 18:38:32,294 - __main__ - WARNING - Cannot calculate Fundraising Efficiency for 2016: contributions=637862655.0, fundraising_expenses=0.0
2025-03-31 18:38:32,294 - __main__ - INFO - Successfully parsed year: 2015
2025-03-31 18:38:32,294 - __main__ - WARNING - Cannot calculate Program Efficiency for 2015: program_expenses=None, total_expenses=2886003368.0
2025-03-31 18:38:32,294 - __main__ - WARNING - Cannot calculate Fundraising Efficiency for 2015: contributions=660035659.0, fundraising_expenses=0.0
2025-03-31 18:38:32,294 - __main__ - INFO - Successfully parsed year: 2014
2025-03-31 18:38:32,294 - __main__ - WARNING - Cannot calculate Program Efficiency for 2014: program_expenses=None, total_expenses=3047227207.0
2025-03-31 18:38:32,295 - __main__ - WARNING - Cannot calculate Fundraising Efficiency for 2014: contributions=788226198.0, fundraising_expenses=0.0
2025-03-31 18:38:32,295 - __main__ - INFO - Successfully parsed year: 2013
2025-03-31 18:38:32,295 - __main__ - WARNING - Cannot calculate Program Efficiency for 2013: program_expenses=None, total_expenses=3356880480.0
2025-03-31 18:38:32,295 - __main__ - WARNING - Cannot calculate Fundraising Efficiency for 2013: contributions=1133413010.0, fundraising_expenses=0.0
2025-03-31 18:38:32,295 - __main__ - INFO - Successfully parsed year: 2012
2025-03-31 18:38:32,295 - __main__ - WARNING - Cannot calculate Program Efficiency for 2012: program_expenses=None, total_expenses=3329153707.0
2025-03-31 18:38:32,295 - __main__ - WARNING - Cannot calculate Fundraising Efficiency for 2012: contributions=741190737.0, fundraising_expenses=0.0
2025-03-31 18:38:32,295 - __main__ - INFO - Successfully parsed year: 2011
2025-03-31 18:38:32,295 - __main__ - WARNING - Cannot calculate Program Efficiency for 2011: program_expenses=None, total_expenses=3422010386.0
2025-03-31 18:38:32,295 - __main__ - WARNING - Cannot calculate Fundraising Efficiency for 2011: contributions=1013873120.0, fundraising_expenses=0.0
2025-03-31 18:38:32,295 - __main__ - INFO - Successfully extracted metrics for American National Red Cross for years: [2011, 2012, 2013, 2014, 2015, 2016, 2017, 2018, 2019, 2020, 2021, 2022]
2025-03-31 18:38:32,295 - __main__ - INFO - Fetching data for 13-1635294 from ProPublica API
2025-03-31 18:38:32,878 - __main__ - INFO - Successfully parsed year: 2022
2025-03-31 18:38:32,879 - __main__ - WARNING - Cannot calculate Program Efficiency for 2022: program_expenses=None, total_expenses=84068757.0
2025-03-31 18:38:32,879 - __main__ - WARNING - Cannot calculate Fundraising Efficiency for 2022: contributions=54355890.0, fundraising_expenses=0.0
2025-03-31 18:38:32,879 - __main__ - INFO - Successfully parsed year: 2021
2025-03-31 18:38:32,879 - __main__ - WARNING - Cannot calculate Program Efficiency for 2021: program_expenses=None, total_expenses=109244894.0
2025-03-31 18:38:32,879 - __main__ - WARNING - Cannot calculate Fundraising Efficiency for 2021: contributions=68676336.0, fundraising_expenses=0.0
2025-03-31 18:38:32,879 - __main__ - INFO - Successfully parsed year: 2020
2025-03-31 18:38:32,879 - __main__ - WARNING - Cannot calculate Program Efficiency for 2020: program_expenses=None, total_expenses=251279138.0
2025-03-31 18:38:32,879 - __main__ - WARNING - Cannot calculate Fundraising Efficiency for 2020: contributions=203785891.0, fundraising_expenses=0.0
2025-03-31 18:38:32,879 - __main__ - INFO - Successfully parsed year: 2019
2025-03-31 18:38:32,879 - __main__ - WARNING - Cannot calculate Program Efficiency for 2019: program_expenses=None, total_expenses=256722863.0
2025-03-31 18:38:32,879 - __main__ - WARNING - Cannot calculate Fundraising Efficiency for 2019: contributions=196680596.0, fundraising_expenses=0.0
2025-03-31 18:38:32,879 - __main__ - INFO - Successfully parsed year: 2018
2025-03-31 18:38:32,879 - __main__ - WARNING - Cannot calculate Program Efficiency for 2018: program_expenses=None, total_expenses=231423028.0
2025-03-31 18:38:32,879 - __main__ - WARNING - Cannot calculate Fundraising Efficiency for 2018: contributions=174461785.0, fundraising_expenses=0.0
2025-03-31 18:38:32,879 - __main__ - INFO - Successfully parsed year: 2017
2025-03-31 18:38:32,879 - __main__ - WARNING - Cannot calculate Program Efficiency for 2017: program_expenses=None, total_expenses=147368859.0
2025-03-31 18:38:32,879 - __main__ - WARNING - Cannot calculate Fundraising Efficiency for 2017: contributions=136340447.0, fundraising_expenses=0.0
2025-03-31 18:38:32,880 - __main__ - INFO - Successfully parsed year: 2016
2025-03-31 18:38:32,880 - __main__ - WARNING - Cannot calculate Program Efficiency for 2016: program_expenses=None, total_expenses=117892303.0
2025-03-31 18:38:32,880 - __main__ - WARNING - Cannot calculate Fundraising Efficiency for 2016: contributions=69697401.0, fundraising_expenses=0.0
2025-03-31 18:38:32,880 - __main__ - INFO - Successfully parsed year: 2015
2025-03-31 18:38:32,880 - __main__ - WARNING - Cannot calculate Program Efficiency for 2015: program_expenses=None, total_expenses=89536914.0
2025-03-31 18:38:32,880 - __main__ - WARNING - Cannot calculate Fundraising Efficiency for 2015: contributions=65828964.0, fundraising_expenses=0.0
2025-03-31 18:38:32,880 - __main__ - INFO - Successfully parsed year: 2014
2025-03-31 18:38:32,880 - __main__ - WARNING - Cannot calculate Program Efficiency for 2014: program_expenses=None, total_expenses=80229549.0
2025-03-31 18:38:32,880 - __main__ - WARNING - Cannot calculate Fundraising Efficiency for 2014: contributions=55036879.0, fundraising_expenses=0.0
2025-03-31 18:38:32,880 - __main__ - INFO - Successfully parsed year: 2013
2025-03-31 18:38:32,880 - __main__ - WARNING - Cannot calculate Program Efficiency for 2013: program_expenses=None, total_expenses=89915549.0
2025-03-31 18:38:32,880 - __main__ - WARNING - Cannot calculate Fundraising Efficiency for 2013: contributions=46635439.0, fundraising_expenses=0.0
2025-03-31 18:38:32,880 - __main__ - INFO - Successfully parsed year: 2012
2025-03-31 18:38:32,880 - __main__ - WARNING - Cannot calculate Program Efficiency for 2012: program_expenses=None, total_expenses=93874399.0
2025-03-31 18:38:32,880 - __main__ - WARNING - Cannot calculate Fundraising Efficiency for 2012: contributions=60036051.0, fundraising_expenses=0.0
2025-03-31 18:38:32,880 - __main__ - INFO - Successfully parsed year: 2011
2025-03-31 18:38:32,880 - __main__ - WARNING - Cannot calculate Program Efficiency for 2011: program_expenses=None, total_expenses=90342700.0
2025-03-31 18:38:32,881 - __main__ - INFO - Successfully extracted metrics for United Way Worldwide for years: [2011, 2012, 2013, 2014, 2015, 2016, 2017, 2018, 2019, 2020, 2021, 2022]
2025-03-31 18:38:32,881 - __main__ - INFO - Fetching data for 13-1644147 from ProPublica API
2025-03-31 18:38:33,132 - __main__ - INFO - Successfully parsed year: 2022
2025-03-31 18:38:33,132 - __main__ - WARNING - Cannot calculate Program Efficiency for 2022: program_expenses=None, total_expenses=390022935.0
2025-03-31 18:38:33,132 - __main__ - INFO - Successfully parsed year: 2021
2025-03-31 18:38:33,132 - __main__ - WARNING - Cannot calculate Program Efficiency for 2021: program_expenses=None, total_expenses=312461580.0
2025-03-31 18:38:33,132 - __main__ - INFO - Successfully parsed year: 2020
2025-03-31 18:38:33,132 - __main__ - WARNING - Cannot calculate Program Efficiency for 2020: program_expenses=None, total_expenses=341239901.0
2025-03-31 18:38:33,132 - __main__ - INFO - Successfully parsed year: 2019
2025-03-31 18:38:33,132 - __main__ - WARNING - Cannot calculate Program Efficiency for 2019: program_expenses=None, total_expenses=306554772.0
2025-03-31 18:38:33,132 - __main__ - INFO - Successfully parsed year: 2018
2025-03-31 18:38:33,133 - __main__ - WARNING - Cannot calculate Program Efficiency for 2018: program_expenses=None, total_expenses=249285253.0
2025-03-31 18:38:33,133 - __main__ - INFO - Successfully parsed year: 2017
2025-03-31 18:38:33,133 - __main__ - WARNING - Cannot calculate Program Efficiency for 2017: program_expenses=None, total_expenses=317843167.0
2025-03-31 18:38:33,133 - __main__ - INFO - Successfully parsed year: 2016
2025-03-31 18:38:33,133 - __main__ - WARNING - Cannot calculate Program Efficiency for 2016: program_expenses=None, total_expenses=218184914.0
2025-03-31 18:38:33,133 - __main__ - INFO - Successfully parsed year: 2015
2025-03-31 18:38:33,133 - __main__ - WARNING - Cannot calculate Program Efficiency for 2015: program_expenses=None, total_expenses=199291656.0
2025-03-31 18:38:33,133 - __main__ - INFO - Successfully parsed year: 2014
2025-03-31 18:38:33,133 - __main__ - WARNING - Cannot calculate Program Efficiency for 2014: program_expenses=None, total_expenses=148198672.0
2025-03-31 18:38:33,133 - __main__ - INFO - Successfully parsed year: 2013
2025-03-31 18:38:33,133 - __main__ - WARNING - Cannot calculate Program Efficiency for 2013: program_expenses=None, total_expenses=137835653.0
2025-03-31 18:38:33,133 - __main__ - INFO - Successfully parsed year: 2012
2025-03-31 18:38:33,133 - __main__ - WARNING - Cannot calculate Program Efficiency for 2012: program_expenses=None, total_expenses=125414706.0
2025-03-31 18:38:33,133 - __main__ - INFO - Successfully parsed year: 2011
2025-03-31 18:38:33,133 - __main__ - WARNING - Cannot calculate Program Efficiency for 2011: program_expenses=None, total_expenses=96778293.0
2025-03-31 18:38:33,133 - __main__ - INFO - Successfully extracted metrics for Planned Parenthood Federation Of America for years: [2011, 2012, 2013, 2014, 2015, 2016, 2017, 2018, 2019, 2020, 2021, 2022]
2025-03-31 18:38:33,384 - __main__ - INFO - Fetching data for 53-0242652 from ProPublica API
2025-03-31 18:38:33,679 - __main__ - INFO - Successfully parsed year: 2022
2025-03-31 18:38:33,679 - __main__ - WARNING - Cannot calculate Program Efficiency for 2022: program_expenses=None, total_expenses=1004881237.0
2025-03-31 18:38:33,679 - __main__ - INFO - Successfully parsed year: 2021
2025-03-31 18:38:33,679 - __main__ - WARNING - Cannot calculate Program Efficiency for 2021: program_expenses=None, total_expenses=908626330.0
2025-03-31 18:38:33,679 - __main__ - INFO - Successfully parsed year: 2020
2025-03-31 18:38:33,679 - __main__ - WARNING - Cannot calculate Program Efficiency for 2020: program_expenses=None, total_expenses=907041369.0
2025-03-31 18:38:33,679 - __main__ - INFO - Successfully parsed year: 2019
2025-03-31 18:38:33,679 - __main__ - WARNING - Cannot calculate Program Efficiency for 2019: program_expenses=None, total_expenses=932617948.0
2025-03-31 18:38:33,679 - __main__ - INFO - Successfully parsed year: 2018
2025-03-31 18:38:33,679 - __main__ - WARNING - Cannot calculate Program Efficiency for 2018: program_expenses=None, total_expenses=907553872.0
2025-03-31 18:38:33,679 - __main__ - INFO - Successfully parsed year: 2017
2025-03-31 18:38:33,679 - __main__ - WARNING - Cannot calculate Program Efficiency for 2017: program_expenses=None, total_expenses=829488331.0
2025-03-31 18:38:33,679 - __main__ - INFO - Successfully parsed year: 2016
2025-03-31 18:38:33,679 - __main__ - WARNING - Cannot calculate Program Efficiency for 2016: program_expenses=None, total_expenses=810283620.0
2025-03-31 18:38:33,679 - __main__ - INFO - Successfully parsed year: 2015
2025-03-31 18:38:33,680 - __main__ - WARNING - Cannot calculate Program Efficiency for 2015: program_expenses=None, total_expenses=796011941.0
2025-03-31 18:38:33,680 - __main__ - INFO - Successfully parsed year: 2014
2025-03-31 18:38:33,680 - __main__ - WARNING - Cannot calculate Program Efficiency for 2014: program_expenses=None, total_expenses=748695565.0
2025-03-31 18:38:33,680 - __main__ - INFO - Successfully parsed year: 2013
2025-03-31 18:38:33,680 - __main__ - WARNING - Cannot calculate Program Efficiency for 2013: program_expenses=None, total_expenses=752216964.0
2025-03-31 18:38:33,680 - __main__ - INFO - Successfully parsed year: 2012
2025-03-31 18:38:33,680 - __main__ - WARNING - Cannot calculate Program Efficiency for 2012: program_expenses=None, total_expenses=756406814.0
2025-03-31 18:38:33,680 - __main__ - INFO - Successfully parsed year: 2011
2025-03-31 18:38:33,680 - __main__ - WARNING - Cannot calculate Program Efficiency for 2011: program_expenses=None, total_expenses=852695208.0
2025-03-31 18:38:33,680 - __main__ - INFO - Successfully extracted metrics for Nature Conservancy for years: [2011, 2012, 2013, 2014, 2015, 2016, 2017, 2018, 2019, 2020, 2021, 2022]
2025-03-31 18:38:33,694 - __main__ - INFO - Saved CSV report to results/13-6213516_American_Civil_Liberties_Union_Foundation_Inc.csv
2025-03-31 18:38:33,696 - __main__ - INFO - Saved CSV report to results/53-0196605_American_National_Red_Cross.csv
2025-03-31 18:38:33,698 - __main__ - INFO - Saved CSV report to results/13-1635294_United_Way_Worldwide.csv
2025-03-31 18:38:33,700 - __main__ - INFO - Saved CSV report to results/13-1644147_Planned_Parenthood_Federation_Of_America.csv
2025-03-31 18:38:33,704 - __main__ - INFO - Saved CSV report to results/53-0242652_Nature_Conservancy.csv
2025-03-31 18:38:33,712 - __main__ - INFO - Summary data saved to results/summary.csv
2025-03-31 18:38:33,874 - __main__ - WARNING - No data available to create Program Efficiency Over Time chart
2025-03-31 18:38:34,418 - __main__ - INFO - Generated chart: fundraising_efficiency_chart.png
2025-03-31 18:38:34,909 - __main__ - INFO - Generated organization chart: 13-6213516_American_Civil_Liberties_Union_Foundation_Inc_metrics.png
2025-03-31 18:38:35,395 - __main__ - INFO - Generated organization chart: 53-0196605_American_National_Red_Cross_metrics.png
2025-03-31 18:38:35,811 - __main__ - INFO - Generated organization chart: 13-1635294_United_Way_Worldwide_metrics.png
2025-03-31 18:38:36,255 - __main__ - INFO - Generated organization chart: 13-1644147_Planned_Parenthood_Federation_Of_America_metrics.png
2025-03-31 18:38:36,686 - __main__ - INFO - Generated organization chart: 53-0242652_Nature_Conservancy_metrics.png
